<?xml version="1.0" encoding="UTF-8"?>
<testsuite xmlns:xsi="http://www.w3.org/2001/XMLSchema-instance" xsi:noNamespaceSchemaLocation="https://maven.apache.org/surefire/maven-surefire-plugin/xsd/surefire-test-report-3.0.xsd" version="3.0" name="com.aisupport.AIServiceTest" time="0.61" tests="3" errors="0" skipped="0" failures="0">
  <properties>
[...]
</properties>
  <testcase name="testServiceCreation" classname="com.aisupport.AIServiceTest" time="0.569"/>
  <testcase name="testOllamaService" classname="com.aisupport.AIServiceTest" time="0.007"/>
  <testcase name="testConfigurationLoading" classname="com.aisupport.AIServiceTest" time="0.004"/>
</testsuite>